<?xml version="1.0" encoding="UTF-8"?>
<!-- Generated by org.testng.reporters.JUnitReportReporter -->
<testsuite hostname="DESKTOP-MPFHL4S" failures="0" tests="6" name="com.usersapi.testcases.TC005_Delete_UserRecord" time="0.038" errors="0" timestamp="2022-12-08T12:06:23 IST" skipped="0">
  <testcase classname="com.usersapi.testcases.TC005_Delete_UserRecord" name="checkResponseBody" time="0.008"/>
  <system-out/>
  <testcase classname="com.usersapi.testcases.TC005_Delete_UserRecord" name="checkServerType" time="0.004"/>
  <system-out/>
  <testcase classname="com.usersapi.testcases.TC005_Delete_UserRecord" name="checkContentType" time="0.008"/>
  <system-out/>
  <testcase classname="com.usersapi.testcases.TC005_Delete_UserRecord" name="checkResponseTime" time="0.003"/>
  <system-out/>
  <testcase classname="com.usersapi.testcases.TC005_Delete_UserRecord" name="checkContentEncoding" time="0.009"/>
  <system-out/>
  <testcase classname="com.usersapi.testcases.TC005_Delete_UserRecord" name="checkStatusCode" time="0.006"/>
  <system-out/>
</testsuite> <!-- com.usersapi.testcases.TC005_Delete_UserRecord -->
