<?xml version="1.0" encoding="UTF-8"?>
<!-- Generated by org.testng.reporters.JUnitReportReporter -->
<testsuite hostname="DESKTOP-MPFHL4S" failures="0" tests="4" name="com.usersapi.testcases.TC004_Put_UpdateExistingUserData" time="0.038" errors="0" timestamp="2022-12-05T16:58:03 IST" skipped="0">
  <testcase classname="com.usersapi.testcases.TC004_Put_UpdateExistingUserData" name="checkResponseBody" time="0.017"/>
  <system-out/>
  <testcase classname="com.usersapi.testcases.TC004_Put_UpdateExistingUserData" name="checkContentType" time="0.008"/>
  <system-out/>
  <testcase classname="com.usersapi.testcases.TC004_Put_UpdateExistingUserData" name="checkServerType" time="0.006"/>
  <system-out/>
  <testcase classname="com.usersapi.testcases.TC004_Put_UpdateExistingUserData" name="checkStatusCode" time="0.007"/>
  <system-out/>
</testsuite> <!-- com.usersapi.testcases.TC004_Put_UpdateExistingUserData -->
