<?xml version="1.0" encoding="UTF-8"?>
<!-- Generated by org.testng.reporters.JUnitReportReporter -->
<testsuite hostname="DESKTOP-MPFHL4S" failures="0" tests="6" name="com.usersapi.testcases.TC001_Get_ListUsers" time="0.375" errors="0" timestamp="2022-12-05T16:58:03 IST" skipped="0">
  <testcase classname="com.usersapi.testcases.TC001_Get_ListUsers" name="checkContentType" time="0.005"/>
  <system-out/>
  <testcase classname="com.usersapi.testcases.TC001_Get_ListUsers" name="checkResponseBody" time="0.229"/>
  <system-out/>
  <testcase classname="com.usersapi.testcases.TC001_Get_ListUsers" name="checkResponseTime" time="0.014"/>
  <system-out/>
  <testcase classname="com.usersapi.testcases.TC001_Get_ListUsers" name="checkContentEncoding" time="0.114"/>
  <system-out/>
  <testcase classname="com.usersapi.testcases.TC001_Get_ListUsers" name="checkStatusCode" time="0.008"/>
  <system-out/>
  <testcase classname="com.usersapi.testcases.TC001_Get_ListUsers" name="checkServerType" time="0.005"/>
  <system-out/>
</testsuite> <!-- com.usersapi.testcases.TC001_Get_ListUsers -->
