<?xml version="1.0" encoding="UTF-8"?>
<!-- Generated by org.testng.reporters.JUnitReportReporter -->
<testsuite hostname="DESKTOP-MPFHL4S" failures="0" tests="6" name="com.usersapi.testcases.TC002_Get_SingleUser" time="0.059" errors="0" timestamp="2022-12-08T12:06:23 IST" skipped="0">
  <testcase classname="com.usersapi.testcases.TC002_Get_SingleUser" name="checkServerType" time="0.006"/>
  <system-out/>
  <testcase classname="com.usersapi.testcases.TC002_Get_SingleUser" name="checkResponseTime" time="0.015"/>
  <system-out/>
  <testcase classname="com.usersapi.testcases.TC002_Get_SingleUser" name="checkStatusCode" time="0.013"/>
  <system-out/>
  <testcase classname="com.usersapi.testcases.TC002_Get_SingleUser" name="checkContentType" time="0.008"/>
  <system-out/>
  <testcase classname="com.usersapi.testcases.TC002_Get_SingleUser" name="checkContentEncoding" time="0.008"/>
  <system-out/>
  <testcase classname="com.usersapi.testcases.TC002_Get_SingleUser" name="checkResponseBody" time="0.009"/>
  <system-out/>
</testsuite> <!-- com.usersapi.testcases.TC002_Get_SingleUser -->
