<?xml version="1.0" encoding="UTF-8"?>
<!-- Generated by org.testng.reporters.JUnitReportReporter -->
<testsuite hostname="DESKTOP-MPFHL4S" failures="0" tests="4" name="com.usersapi.testcases.TC003_Post_CreateUser" time="0.026" errors="0" timestamp="2022-12-05T16:58:03 IST" skipped="0">
  <testcase classname="com.usersapi.testcases.TC003_Post_CreateUser" name="checkStatusCode" time="0.005"/>
  <system-out/>
  <testcase classname="com.usersapi.testcases.TC003_Post_CreateUser" name="checkServerType" time="0.005"/>
  <system-out/>
  <testcase classname="com.usersapi.testcases.TC003_Post_CreateUser" name="checkContentType" time="0.004"/>
  <system-out/>
  <testcase classname="com.usersapi.testcases.TC003_Post_CreateUser" name="checkResponseBody" time="0.012"/>
  <system-out/>
</testsuite> <!-- com.usersapi.testcases.TC003_Post_CreateUser -->
