<?xml version="1.0" encoding="UTF-8"?>
<!-- Generated by org.testng.reporters.JUnitReportReporter -->
<testsuite hostname="DESKTOP-MPFHL4S" failures="0" tests="6" name="com.usersapi.testcases.TC002_Get_SingleUser" time="0.059" errors="0" timestamp="2022-12-05T16:58:03 IST" skipped="0">
  <testcase classname="com.usersapi.testcases.TC002_Get_SingleUser" name="checkServerType" time="0.006"/>
  <system-out/>
  <testcase classname="com.usersapi.testcases.TC002_Get_SingleUser" name="checkResponseTime" time="0.006"/>
  <system-out/>
  <testcase classname="com.usersapi.testcases.TC002_Get_SingleUser" name="checkStatusCode" time="0.011"/>
  <system-out/>
  <testcase classname="com.usersapi.testcases.TC002_Get_SingleUser" name="checkContentType" time="0.007"/>
  <system-out/>
  <testcase classname="com.usersapi.testcases.TC002_Get_SingleUser" name="checkContentEncoding" time="0.007"/>
  <system-out/>
  <testcase classname="com.usersapi.testcases.TC002_Get_SingleUser" name="checkResponseBody" time="0.022"/>
  <system-out/>
</testsuite> <!-- com.usersapi.testcases.TC002_Get_SingleUser -->
