<?xml version="1.0" encoding="UTF-8"?>
<!-- Generated by org.testng.reporters.JUnitReportReporter -->
<testsuite hostname="DESKTOP-MPFHL4S" failures="0" tests="4" name="com.usersapi.testcases.TC003_Post_CreateUser" time="0.046" errors="0" timestamp="2022-12-08T12:06:23 IST" skipped="0">
  <testcase classname="com.usersapi.testcases.TC003_Post_CreateUser" name="checkStatusCode" time="0.009"/>
  <system-out/>
  <testcase classname="com.usersapi.testcases.TC003_Post_CreateUser" name="checkServerType" time="0.009"/>
  <system-out/>
  <testcase classname="com.usersapi.testcases.TC003_Post_CreateUser" name="checkContentType" time="0.008"/>
  <system-out/>
  <testcase classname="com.usersapi.testcases.TC003_Post_CreateUser" name="checkResponseBody" time="0.020"/>
  <system-out/>
</testsuite> <!-- com.usersapi.testcases.TC003_Post_CreateUser -->
